<?xml version="1.0" encoding="UTF-8"?>
<!-- Generated by org.testng.reporters.JUnitReportReporter -->
<testsuite hostname="AshokMeiyanatha" failures="0" tests="3" name="ashok.selenium.practice.SeleniumFrameworkDesign.tests.StandAloneTest2" time="35.769" errors="0" timestamp="02 May 2025 03:12:51 GMT" skipped="0">
  <testcase classname="ashok.selenium.practice.SeleniumFrameworkDesign.tests.StandAloneTest2" name="orderHistoryTest" time="6.331"/>
  <testcase classname="ashok.selenium.practice.SeleniumFrameworkDesign.tests.StandAloneTest2" name="submitOrder" time="8.705"/>
  <testcase classname="ashok.selenium.practice.SeleniumFrameworkDesign.tests.StandAloneTest2" name="submitOrder" time="20.733"/>
</testsuite> <!-- ashok.selenium.practice.SeleniumFrameworkDesign.tests.StandAloneTest2 -->
