<?xml version="1.0" encoding="UTF-8"?>
<!-- Generated by org.testng.reporters.JUnitReportReporter -->
<testsuite hostname="AshokMeiyanatha" failures="0" tests="2" name="ashok.selenium.practice.SeleniumFrameworkDesign.tests.ErrorValidation" time="27.237" errors="0" timestamp="02 May 2025 02:57:05 GMT" skipped="0">
  <testcase classname="ashok.selenium.practice.SeleniumFrameworkDesign.tests.ErrorValidation" name="productErrorValidation" time="19.577"/>
  <testcase classname="ashok.selenium.practice.SeleniumFrameworkDesign.tests.ErrorValidation" name="loginErrorValidation" time="7.660"/>
</testsuite> <!-- ashok.selenium.practice.SeleniumFrameworkDesign.tests.ErrorValidation -->
