<?xml version="1.0" encoding="UTF-8"?>
<!-- Generated by org.testng.reporters.JUnitReportReporter -->
<testsuite hostname="AshokMeiyanatha" failures="0" tests="1" name="cucumber.TestNGTestRunner" time="22.342" errors="0" timestamp="06 May 2025 03:04:30 GMT" skipped="0">
  <testcase classname="cucumber.TestNGTestRunner" name="runScenario" time="22.342"/>
</testsuite> <!-- cucumber.TestNGTestRunner -->
