<?xml version="1.0" encoding="UTF-8"?>
<!-- Generated by org.testng.reporters.JUnitReportReporter -->
<testsuite hostname="AshokMeiyanatha" failures="0" tests="1" name="cucumber.TestNGTestRunner" time="23.174" errors="0" timestamp="05 May 2025 03:17:51 GMT" skipped="0">
  <testcase classname="cucumber.TestNGTestRunner" name="runScenario" time="23.174"/>
</testsuite> <!-- cucumber.TestNGTestRunner -->
