<?xml version="1.0" encoding="UTF-8"?>
<!-- Generated by org.testng.reporters.JUnitReportReporter -->
<testsuite hostname="AshokMeiyanatha" failures="0" tests="2" name="ashok.selenium.practice.SeleniumFrameworkDesign.tests.ErrorValidation" time="28.150" errors="0" timestamp="05 May 2025 03:25:09 GMT" skipped="0">
  <testcase classname="ashok.selenium.practice.SeleniumFrameworkDesign.tests.ErrorValidation" name="loginErrorValidation" time="14.291"/>
  <testcase classname="ashok.selenium.practice.SeleniumFrameworkDesign.tests.ErrorValidation" name="productErrorValidation" time="13.859"/>
</testsuite> <!-- ashok.selenium.practice.SeleniumFrameworkDesign.tests.ErrorValidation -->
