<?xml version="1.0" encoding="UTF-8"?>
<!-- Generated by org.testng.reporters.JUnitReportReporter -->
<testsuite hostname="AshokMeiyanatha" failures="0" tests="3" name="ashok.selenium.practice.SeleniumFrameworkDesign.tests.StandAloneTest2" time="62.754" errors="0" timestamp="05 May 2025 03:25:09 GMT" skipped="0">
  <testcase classname="ashok.selenium.practice.SeleniumFrameworkDesign.tests.StandAloneTest2" name="submitOrder" time="29.520"/>
  <testcase classname="ashok.selenium.practice.SeleniumFrameworkDesign.tests.StandAloneTest2" name="submitOrder" time="23.622"/>
  <testcase classname="ashok.selenium.practice.SeleniumFrameworkDesign.tests.StandAloneTest2" name="orderHistoryTest" time="9.612"/>
</testsuite> <!-- ashok.selenium.practice.SeleniumFrameworkDesign.tests.StandAloneTest2 -->
